\BOOKMARK [0][-]{section*.1}{Signature Page}{}% 1
\BOOKMARK [0][-]{section*.2}{Dedication}{}% 2
\BOOKMARK [0][-]{section*.3}{Epigraph}{}% 3
\BOOKMARK [0][-]{section*.4}{Table of Contents}{}% 4
\BOOKMARK [0][-]{section*.5}{List of Figures}{}% 5
\BOOKMARK [0][-]{section*.6}{List of Tables}{}% 6
\BOOKMARK [0][-]{section*.7}{Acknowledgements}{}% 7
\BOOKMARK [0][-]{section*.8}{Vita}{}% 8
\BOOKMARK [0][-]{section*.9}{Abstract of the Dissertation}{}% 9
\BOOKMARK [0][-]{chapter.1}{Leveraging Social Context for Topic Evolution}{}% 10
\BOOKMARK [1][-]{section.1.1}{Introduction}{chapter.1}% 11
\BOOKMARK [1][-]{section.1.2}{Comparison to previous work}{chapter.1}% 12
\BOOKMARK [1][-]{section.1.3}{Learning from content and social media activity}{chapter.1}% 13
\BOOKMARK [2][-]{subsection.1.3.1}{The Objective Function}{section.1.3}% 14
\BOOKMARK [2][-]{subsection.1.3.2}{The Optimization}{section.1.3}% 15
\BOOKMARK [1][-]{section.1.4}{DATA SET DESCRIPTION}{chapter.1}% 16
\BOOKMARK [2][-]{subsection.1.4.1}{Stability of Tags}{section.1.4}% 17
\BOOKMARK [1][-]{section.1.5}{Experiments}{chapter.1}% 18
\BOOKMARK [2][-]{subsection.1.5.1}{Baselines}{section.1.5}% 19
\BOOKMARK [2][-]{subsection.1.5.2}{Evaluation, Groundtruth and Experimental Setup}{section.1.5}% 20
\BOOKMARK [2][-]{subsection.1.5.3}{Social Information Vs Textual Content: the Trade-off}{section.1.5}% 21
\BOOKMARK [2][-]{subsection.1.5.4}{Comparison with the state-of-the-art}{section.1.5}% 22
\BOOKMARK [2][-]{subsection.1.5.5}{Learning Stability of Topics}{section.1.5}% 23
\BOOKMARK [1][-]{section.1.6}{Conclusion}{chapter.1}% 24
\BOOKMARK [0][-]{chapter.2}{Prediction and Characterization of High-Activity Events in Social Media}{}% 25
\BOOKMARK [1][-]{section.2.1}{Introduction}{chapter.2}% 26
\BOOKMARK [1][-]{section.2.2}{Materials and Methods}{chapter.2}% 27
\BOOKMARK [1][-]{section.2.3}{Results and Discussion}{chapter.2}% 28
\BOOKMARK [1][-]{section.2.4}{Conclusion}{chapter.2}% 29
\BOOKMARK [0][-]{chapter.3}{Discovering Trends of Drug Abuse from Social Media Data}{}% 30
\BOOKMARK [1][-]{section.3.1}{Introduction}{chapter.3}% 31
\BOOKMARK [1][-]{section.3.2}{Methods}{chapter.3}% 32
\BOOKMARK [2][-]{subsection.3.2.1}{Overall aims}{section.3.2}% 33
\BOOKMARK [2][-]{subsection.3.2.2}{Data collection}{section.3.2}% 34
\BOOKMARK [2][-]{subsection.3.2.3}{Analysis Plan}{section.3.2}% 35
\BOOKMARK [1][-]{section.3.3}{Results}{chapter.3}% 36
\BOOKMARK [1][-]{section.3.4}{Conclusion}{chapter.3}% 37
\BOOKMARK [2][-]{subsection.3.4.1}{Limitations}{section.3.4}% 38
\BOOKMARK [2][-]{subsection.3.4.2}{Future directions}{section.3.4}% 39
\BOOKMARK [0][-]{chapter*.35}{Bibliography}{}% 40
